#
# There is insufficient memory for the Java Runtime Environment to continue.
# Native memory allocation (mmap) failed to map 536870912 bytes for G1 virtual space
# Possible reasons:
#   The system is out of physical RAM or swap space
#   The process is running with CompressedOops enabled, and the Java Heap may be blocking the growth of the native heap
# Possible solutions:
#   Reduce memory load on the system
#   Increase physical memory or swap space
#   Check if swap backing store is full
#   Decrease Java heap size (-Xmx/-Xms)
#   Decrease number of Java threads
#   Decrease Java thread stack sizes (-Xss)
#   Set larger code cache with -XX:ReservedCodeCacheSize=
#   JVM is running with Zero Based Compressed Oops mode in which the Java heap is
#     placed in the first 32GB address space. The Java Heap base address is the
#     maximum limit for the native heap growth. Please use -XX:HeapBaseMinAddress
#     to set the Java Heap base and to place the Java Heap above 32GB virtual address.
# This output file may be truncated or incomplete.
#
#  Out of Memory Error (os_windows.cpp:3548), pid=12608, tid=24028
#
# JRE version:  (17.0.5+8) (build )
# Java VM: OpenJDK 64-Bit Server VM (17.0.5+8-LTS, mixed mode, sharing, tiered, compressed oops, compressed class ptrs, g1 gc, windows-amd64)
# No core dump will be written. Minidumps are not enabled by default on client versions of Windows
#

---------------  S U M M A R Y ------------

Command Line: -Dmaven.multiModuleProjectDirectory=D:\Coding\CentralC\CentralC -Djansi.passthrough=true -Dmaven.home=C:\Users\Autho\.m2\wrapper\dists\apache-maven-3.8.6-bin\1ks0nkde5v1pk9vtc31i9d0lcd\apache-maven-3.8.6 -Dclassworlds.conf=C:\Users\Autho\.m2\wrapper\dists\apache-maven-3.8.6-bin\1ks0nkde5v1pk9vtc31i9d0lcd\apache-maven-3.8.6\bin\m2.conf -Dmaven.ext.class.path=D:\IntelliJ\IntelliJ IDEA Community Edition 2022.3.3\plugins\maven\lib\maven-event-listener.jar -javaagent:D:\IntelliJ\IntelliJ IDEA Community Edition 2022.3.3\lib\idea_rt.jar=51947:D:\IntelliJ\IntelliJ IDEA Community Edition 2022.3.3\bin -Dfile.encoding=UTF-8 org.codehaus.classworlds.Launcher -Didea.version=2022.3.3 package

Host: AMD Ryzen 7 2700X Eight-Core Processor         , 16 cores, 31G,  Windows 10 , 64 bit Build 19041 (10.0.19041.2788)
Time: Sat May 13 23:18:26 2023 GMT Summer Time elapsed time: 0.016459 seconds (0d 0h 0m 0s)

---------------  T H R E A D  ---------------

Current thread (0x000001f5f5d25570):  JavaThread "Unknown thread" [_thread_in_vm, id=24028, stack(0x00000084fc000000,0x00000084fc100000)]

Stack: [0x00000084fc000000,0x00000084fc100000]
Native frames: (J=compiled Java code, j=interpreted, Vv=VM code, C=native code)
V  [jvm.dll+0x646e0a]
V  [jvm.dll+0x7f7f14]
V  [jvm.dll+0x7f96ce]
V  [jvm.dll+0x7f9d23]
V  [jvm.dll+0x234c98]
V  [jvm.dll+0x643d6a]
V  [jvm.dll+0x63849a]
V  [jvm.dll+0x2f2ed9]
V  [jvm.dll+0x2fa066]
V  [jvm.dll+0x345a2a]
V  [jvm.dll+0x345c6f]
V  [jvm.dll+0x2c9378]
V  [jvm.dll+0x2ca309]
V  [jvm.dll+0x7cb681]
V  [jvm.dll+0x352eb1]
V  [jvm.dll+0x7abb8e]
V  [jvm.dll+0x3ce293]
V  [jvm.dll+0x3cfc91]
C  [jli.dll+0x519f]
C  [ucrtbase.dll+0x21bb2]
C  [KERNEL32.DLL+0x17604]
C  [ntdll.dll+0x526a1]


---------------  P R O C E S S  ---------------

Threads class SMR info:
_java_thread_list=0x00007ffc8b3f6758, length=0, elements={
}

Java Threads: ( => current thread )

Other Threads:
  0x000001f5f5dd1f40 GCTaskThread "GC Thread#0" [stack: 0x00000084fc100000,0x00000084fc200000] [id=22728]
  0x000001f5f5de2dd0 ConcurrentGCThread "G1 Main Marker" [stack: 0x00000084fc200000,0x00000084fc300000] [id=10832]
  0x000001f5f5de4020 ConcurrentGCThread "G1 Conc#0" [stack: 0x00000084fc300000,0x00000084fc400000] [id=12256]

[error occurred during error reporting (printing all threads), id 0xc0000005, EXCEPTION_ACCESS_VIOLATION (0xc0000005) at pc=0x00007ffc8abea567]

VM state: not at safepoint (not fully initialized)

VM Mutex/Monitor currently owned by a thread:  ([mutex/lock_event])
[0x000001f5f5d21490] Heap_lock - owner thread: 0x000001f5f5d25570

Heap address: 0x0000000601400000, size: 8172 MB, Compressed Oops mode: Zero based, Oop shift amount: 3

CDS archive(s) mapped at: [0x0000000000000000-0x0000000000000000-0x0000000000000000), size 0, SharedBaseAddress: 0x0000000800000000, ArchiveRelocationMode: 0.
Narrow klass base: 0x0000000000000000, Narrow klass shift: 0, Narrow klass range: 0x0

GC Precious Log:
<Empty>

Heap:
 garbage-first heap   total 0K, used 0K [0x0000000601400000, 0x0000000800000000)
  region size 4096K, 0 young (0K), 0 survivors (0K)

[error occurred during error reporting (printing heap information), id 0xc0000005, EXCEPTION_ACCESS_VIOLATION (0xc0000005) at pc=0x00007ffc8afae739]

GC Heap History (0 events):
No events

Dll operation events (1 events):
Event: 0.011 Loaded shared library C:\Users\Autho\.jdks\corretto-17.0.5\bin\java.dll

Deoptimization events (0 events):
No events

Classes unloaded (0 events):
No events

Classes redefined (0 events):
No events

Internal exceptions (0 events):
No events

VM Operations (0 events):
No events

Events (0 events):
No events


Dynamic libraries:
0x00007ff7f2300000 - 0x00007ff7f230d000 	C:\Users\Autho\.jdks\corretto-17.0.5\bin\java.exe
0x00007ffcb4bd0000 - 0x00007ffcb4dc8000 	C:\Windows\SYSTEM32\ntdll.dll
0x00007ffcb3280000 - 0x00007ffcb333f000 	C:\Windows\System32\KERNEL32.DLL
0x00007ffcb2950000 - 0x00007ffcb2c2a000 	C:\Windows\System32\KERNELBASE.dll
0x00007ffcb2370000 - 0x00007ffcb2470000 	C:\Windows\System32\ucrtbase.dll
0x00007ffc9ef50000 - 0x00007ffc9ef65000 	C:\Users\Autho\.jdks\corretto-17.0.5\bin\VCRUNTIME140.dll
0x00007ffc9d370000 - 0x00007ffc9d387000 	C:\Users\Autho\.jdks\corretto-17.0.5\bin\jli.dll
0x00007ffcb4570000 - 0x00007ffcb470d000 	C:\Windows\System32\USER32.dll
0x00007ffca04b0000 - 0x00007ffca074a000 	C:\Windows\WinSxS\amd64_microsoft.windows.common-controls_6595b64144ccf1df_6.0.19041.1110_none_60b5254171f9507e\COMCTL32.dll
0x00007ffcb2630000 - 0x00007ffcb2652000 	C:\Windows\System32\win32u.dll
0x00007ffcb35d0000 - 0x00007ffcb35fb000 	C:\Windows\System32\GDI32.dll
0x00007ffcb31e0000 - 0x00007ffcb327e000 	C:\Windows\System32\msvcrt.dll
0x00007ffcb2520000 - 0x00007ffcb2630000 	C:\Windows\System32\gdi32full.dll
0x00007ffcb2660000 - 0x00007ffcb26fd000 	C:\Windows\System32\msvcp_win.dll
0x00007ffcb3340000 - 0x00007ffcb3370000 	C:\Windows\System32\IMM32.DLL
0x00007ffc8b530000 - 0x00007ffc8b5cb000 	C:\Users\Autho\.jdks\corretto-17.0.5\bin\msvcp140.dll
0x00007ffc8a910000 - 0x00007ffc8b524000 	C:\Users\Autho\.jdks\corretto-17.0.5\bin\server\jvm.dll
0x00007ffcb2ff0000 - 0x00007ffcb309e000 	C:\Windows\System32\ADVAPI32.dll
0x00007ffcb3850000 - 0x00007ffcb38ec000 	C:\Windows\System32\sechost.dll
0x00007ffcb3aa0000 - 0x00007ffcb3bc6000 	C:\Windows\System32\RPCRT4.dll
0x00007ffcac0d0000 - 0x00007ffcac0da000 	C:\Windows\SYSTEM32\VERSION.dll
0x00007ffc6b600000 - 0x00007ffc6b609000 	C:\Windows\SYSTEM32\WSOCK32.dll
0x00007ffca8200000 - 0x00007ffca8227000 	C:\Windows\SYSTEM32\WINMM.dll
0x00007ffcb3710000 - 0x00007ffcb377b000 	C:\Windows\System32\WS2_32.dll
0x00007ffcb01c0000 - 0x00007ffcb01d2000 	C:\Windows\SYSTEM32\kernel.appcore.dll
0x00007ffcaa210000 - 0x00007ffcaa21a000 	C:\Users\Autho\.jdks\corretto-17.0.5\bin\jimage.dll
0x00007ffca5c40000 - 0x00007ffca5e24000 	C:\Windows\SYSTEM32\DBGHELP.DLL
0x00007ffc9c470000 - 0x00007ffc9c4a4000 	C:\Windows\SYSTEM32\dbgcore.DLL
0x00007ffcb22e0000 - 0x00007ffcb2362000 	C:\Windows\System32\bcryptPrimitives.dll
0x00007ffc9c0c0000 - 0x00007ffc9c0ce000 	C:\Users\Autho\.jdks\corretto-17.0.5\bin\instrument.dll
0x00007ffc9a560000 - 0x00007ffc9a585000 	C:\Users\Autho\.jdks\corretto-17.0.5\bin\java.dll

dbghelp: loaded successfully - version: 4.0.5 - missing functions: none
symbol engine: initialized successfully - sym options: 0x614 - pdb path: .;C:\Users\Autho\.jdks\corretto-17.0.5\bin;C:\Windows\SYSTEM32;C:\Windows\WinSxS\amd64_microsoft.windows.common-controls_6595b64144ccf1df_6.0.19041.1110_none_60b5254171f9507e;C:\Users\Autho\.jdks\corretto-17.0.5\bin\server

VM Arguments:
jvm_args: -Dmaven.multiModuleProjectDirectory=D:\Coding\CentralC\CentralC -Djansi.passthrough=true -Dmaven.home=C:\Users\Autho\.m2\wrapper\dists\apache-maven-3.8.6-bin\1ks0nkde5v1pk9vtc31i9d0lcd\apache-maven-3.8.6 -Dclassworlds.conf=C:\Users\Autho\.m2\wrapper\dists\apache-maven-3.8.6-bin\1ks0nkde5v1pk9vtc31i9d0lcd\apache-maven-3.8.6\bin\m2.conf -Dmaven.ext.class.path=D:\IntelliJ\IntelliJ IDEA Community Edition 2022.3.3\plugins\maven\lib\maven-event-listener.jar -javaagent:D:\IntelliJ\IntelliJ IDEA Community Edition 2022.3.3\lib\idea_rt.jar=51947:D:\IntelliJ\IntelliJ IDEA Community Edition 2022.3.3\bin -Dfile.encoding=UTF-8 
java_command: org.codehaus.classworlds.Launcher -Didea.version=2022.3.3 package
java_class_path (initial): C:\Users\Autho\.m2\wrapper\dists\apache-maven-3.8.6-bin\1ks0nkde5v1pk9vtc31i9d0lcd\apache-maven-3.8.6\boot\plexus-classworlds-2.6.0.jar;C:\Users\Autho\.m2\wrapper\dists\apache-maven-3.8.6-bin\1ks0nkde5v1pk9vtc31i9d0lcd\apache-maven-3.8.6\boot\plexus-classworlds.license
Launcher Type: SUN_STANDARD

[Global flags]
     intx CICompilerCount                          = 12                                        {product} {ergonomic}
     uint ConcGCThreads                            = 3                                         {product} {ergonomic}
     uint G1ConcRefinementThreads                  = 13                                        {product} {ergonomic}
   size_t G1HeapRegionSize                         = 4194304                                   {product} {ergonomic}
    uintx GCDrainStackTargetSize                   = 64                                        {product} {ergonomic}
   size_t InitialHeapSize                          = 536870912                                 {product} {ergonomic}
   size_t MarkStackSize                            = 4194304                                   {product} {ergonomic}
   size_t MaxHeapSize                              = 8568963072                                {product} {ergonomic}
   size_t MinHeapDeltaBytes                        = 4194304                                   {product} {ergonomic}
   size_t MinHeapSize                              = 8388608                                   {product} {ergonomic}
    uintx NonNMethodCodeHeapSize                   = 7602480                                {pd product} {ergonomic}
    uintx NonProfiledCodeHeapSize                  = 122027880                              {pd product} {ergonomic}
    uintx ProfiledCodeHeapSize                     = 122027880                              {pd product} {ergonomic}
    uintx ReservedCodeCacheSize                    = 251658240                              {pd product} {ergonomic}
     bool SegmentedCodeCache                       = true                                      {product} {ergonomic}
   size_t SoftMaxHeapSize                          = 8568963072                             {manageable} {ergonomic}
     bool UseCompressedClassPointers               = true                           {product lp64_product} {ergonomic}
     bool UseCompressedOops                        = true                           {product lp64_product} {ergonomic}
     bool UseG1GC                                  = true                                      {product} {ergonomic}
     bool UseLargePagesIndividualAllocation        = false                                  {pd product} {ergonomic}

Logging:
Log output configuration:
 #0: stdout all=warning uptime,level,tags
 #1: stderr all=off uptime,level,tags

Environment Variables:
PATH=C:\Users\Autho\.jdks\openjdk-19.0.1\bin;C:\Python311\Scripts\;C:\Python311\;C:\Windows\system32;C:\Windows;C:\Windows\System32\Wbem;C:\Windows\System32\WindowsPowerShell\v1.0\;C:\Windows\System32\OpenSSH\;D:\Nodejs\;C:\ProgramData\chocolatey\bin;D:\WorldPainter\WorldPainter;D:\Git\cmd;C:\Users\Autho\AppData\Local\Microsoft\WindowsApps;C:\Users\Autho\AppData\Local\GitHubDesktop\bin;C:\Users\Autho\AppData\Local\Programs\Microsoft VS Code\bin;C:\Users\Autho\AppData\Roaming\npm;;D:\IntelliJ\IntelliJ IDEA Community Edition 2022.3.3\bin;
USERNAME=Autho
OS=Windows_NT
PROCESSOR_IDENTIFIER=AMD64 Family 23 Model 8 Stepping 2, AuthenticAMD
TMP=C:\Users\Autho\AppData\Local\Temp
TEMP=C:\Users\Autho\AppData\Local\Temp



---------------  S Y S T E M  ---------------

OS:
 Windows 10 , 64 bit Build 19041 (10.0.19041.2788)
OS uptime: 6 days 3:55 hours

CPU: total 16 (initial active 16) (16 cores per cpu, 2 threads per core) family 23 model 8 stepping 2 microcode 0x0, cx8, cmov, fxsr, ht, mmx, 3dnowpref, sse, sse2, sse3, ssse3, sse4a, sse4.1, sse4.2, popcnt, lzcnt, tsc, tscinvbit, avx, avx2, aes, clmul, bmi1, bmi2, adx, sha, fma, vzeroupper, clflush, clflushopt

Memory: 4k page, system-wide physical 32678M (12806M free)
TotalPageFile size 42161M (AvailPageFile size 28M)
current process WorkingSet (physical memory assigned to process): 10M, peak: 10M
current process commit charge ("private bytes"): 71M, peak: 583M

vm_info: OpenJDK 64-Bit Server VM (17.0.5+8-LTS) for windows-amd64 JRE (17.0.5+8-LTS), built on Oct 13 2022 05:18:14 by "Administrator" with MS VC++ 15.9 (VS2017)

END.
